<?xml version="1.0" ?>
<coverage version="7.13.4" timestamp="1771316757983" lines-valid="323" lines-covered="176" line-rate="0.5449" branches-covered="0" branches-valid="0" branch-rate="0" complexity="0">
	<!-- Generated by coverage.py: https://coverage.readthedocs.io/en/7.13.4 -->
	<!-- Based on https://raw.githubusercontent.com/cobertura/web/master/htdocs/xml/coverage-04.dtd -->
	<sources>
		<source>scripts</source>
	</sources>
	<packages>
		<package name="." line-rate="0.5449" branch-rate="0" complexity="0">
			<classes>
				<class name="deploy_to_fabric.py" filename="deploy_to_fabric.py" complexity="0" line-rate="0.3641" branch-rate="0">
					<methods/>
					<lines>
						<line number="6" hits="1"/>
						<line number="7" hits="1"/>
						<line number="8" hits="1"/>
						<line number="9" hits="1"/>
						<line number="10" hits="1"/>
						<line number="11" hits="1"/>
						<line number="12" hits="1"/>
						<line number="13" hits="1"/>
						<line number="15" hits="1"/>
						<line number="16" hits="1"/>
						<line number="17" hits="1"/>
						<line number="18" hits="1"/>
						<line number="21" hits="1"/>
						<line number="37" hits="1"/>
						<line number="38" hits="1"/>
						<line number="41" hits="1"/>
						<line number="44" hits="1"/>
						<line number="45" hits="1"/>
						<line number="48" hits="1"/>
						<line number="49" hits="1"/>
						<line number="50" hits="1"/>
						<line number="51" hits="1"/>
						<line number="54" hits="1"/>
						<line number="55" hits="1"/>
						<line number="58" hits="1"/>
						<line number="59" hits="1"/>
						<line number="60" hits="1"/>
						<line number="62" hits="1"/>
						<line number="63" hits="1"/>
						<line number="64" hits="1"/>
						<line number="66" hits="1"/>
						<line number="67" hits="1"/>
						<line number="68" hits="1"/>
						<line number="70" hits="1"/>
						<line number="71" hits="1"/>
						<line number="72" hits="1"/>
						<line number="75" hits="1"/>
						<line number="89" hits="1"/>
						<line number="90" hits="1"/>
						<line number="91" hits="1"/>
						<line number="93" hits="1"/>
						<line number="94" hits="1"/>
						<line number="96" hits="1"/>
						<line number="99" hits="1"/>
						<line number="112" hits="1"/>
						<line number="113" hits="1"/>
						<line number="114" hits="1"/>
						<line number="115" hits="1"/>
						<line number="116" hits="1"/>
						<line number="123" hits="1"/>
						<line number="126" hits="1"/>
						<line number="138" hits="1"/>
						<line number="139" hits="1"/>
						<line number="140" hits="0"/>
						<line number="142" hits="1"/>
						<line number="146" hits="1"/>
						<line number="149" hits="1"/>
						<line number="178" hits="0"/>
						<line number="179" hits="0"/>
						<line number="180" hits="0"/>
						<line number="181" hits="0"/>
						<line number="182" hits="0"/>
						<line number="185" hits="0"/>
						<line number="186" hits="0"/>
						<line number="187" hits="0"/>
						<line number="189" hits="0"/>
						<line number="190" hits="0"/>
						<line number="191" hits="0"/>
						<line number="194" hits="0"/>
						<line number="197" hits="0"/>
						<line number="204" hits="0"/>
						<line number="207" hits="0"/>
						<line number="208" hits="0"/>
						<line number="212" hits="0"/>
						<line number="213" hits="0"/>
						<line number="215" hits="0"/>
						<line number="216" hits="0"/>
						<line number="217" hits="0"/>
						<line number="218" hits="0"/>
						<line number="219" hits="0"/>
						<line number="227" hits="1"/>
						<line number="229" hits="0"/>
						<line number="230" hits="0"/>
						<line number="231" hits="0"/>
						<line number="233" hits="0"/>
						<line number="234" hits="0"/>
						<line number="235" hits="0"/>
						<line number="237" hits="0"/>
						<line number="238" hits="0"/>
						<line number="241" hits="1"/>
						<line number="250" hits="0"/>
						<line number="253" hits="1"/>
						<line number="269" hits="1"/>
						<line number="270" hits="1"/>
						<line number="271" hits="1"/>
						<line number="274" hits="1"/>
						<line number="283" hits="0"/>
						<line number="293" hits="0"/>
						<line number="294" hits="0"/>
						<line number="304" hits="0"/>
						<line number="306" hits="0"/>
						<line number="309" hits="1"/>
						<line number="315" hits="0"/>
						<line number="316" hits="0"/>
						<line number="317" hits="0"/>
						<line number="318" hits="0"/>
						<line number="319" hits="0"/>
						<line number="320" hits="0"/>
						<line number="321" hits="0"/>
						<line number="322" hits="0"/>
						<line number="323" hits="0"/>
						<line number="326" hits="0"/>
						<line number="327" hits="0"/>
						<line number="328" hits="0"/>
						<line number="329" hits="0"/>
						<line number="330" hits="0"/>
						<line number="332" hits="0"/>
						<line number="334" hits="0"/>
						<line number="335" hits="0"/>
						<line number="336" hits="0"/>
						<line number="337" hits="0"/>
						<line number="339" hits="0"/>
						<line number="340" hits="0"/>
						<line number="341" hits="0"/>
						<line number="342" hits="0"/>
						<line number="343" hits="0"/>
						<line number="345" hits="0"/>
						<line number="348" hits="1"/>
						<line number="357" hits="0"/>
						<line number="358" hits="0"/>
						<line number="363" hits="1"/>
						<line number="386" hits="0"/>
						<line number="388" hits="0"/>
						<line number="389" hits="0"/>
						<line number="390" hits="0"/>
						<line number="392" hits="0"/>
						<line number="402" hits="0"/>
						<line number="404" hits="0"/>
						<line number="407" hits="1"/>
						<line number="410" hits="0"/>
						<line number="411" hits="0"/>
						<line number="414" hits="0"/>
						<line number="415" hits="0"/>
						<line number="418" hits="0"/>
						<line number="426" hits="0"/>
						<line number="428" hits="0"/>
						<line number="429" hits="0"/>
						<line number="432" hits="0"/>
						<line number="433" hits="0"/>
						<line number="436" hits="0"/>
						<line number="437" hits="0"/>
						<line number="439" hits="0"/>
						<line number="440" hits="0"/>
						<line number="441" hits="0"/>
						<line number="442" hits="0"/>
						<line number="443" hits="0"/>
						<line number="444" hits="0"/>
						<line number="446" hits="0"/>
						<line number="448" hits="0"/>
						<line number="451" hits="0"/>
						<line number="454" hits="0"/>
						<line number="455" hits="0"/>
						<line number="456" hits="0"/>
						<line number="459" hits="0"/>
						<line number="462" hits="0"/>
						<line number="465" hits="0"/>
						<line number="476" hits="0"/>
						<line number="479" hits="0"/>
						<line number="482" hits="0"/>
						<line number="483" hits="0"/>
						<line number="484" hits="0"/>
						<line number="485" hits="0"/>
						<line number="488" hits="0"/>
						<line number="491" hits="0"/>
						<line number="492" hits="0"/>
						<line number="493" hits="0"/>
						<line number="495" hits="0"/>
						<line number="496" hits="0"/>
						<line number="498" hits="0"/>
						<line number="499" hits="0"/>
						<line number="500" hits="0"/>
						<line number="501" hits="0"/>
						<line number="502" hits="0"/>
						<line number="503" hits="0"/>
					</lines>
				</class>
				<class name="deployment_config.py" filename="deployment_config.py" complexity="0" line-rate="1" branch-rate="0">
					<methods/>
					<lines>
						<line number="7" hits="1"/>
						<line number="10" hits="1"/>
						<line number="11" hits="1"/>
						<line number="14" hits="1"/>
						<line number="15" hits="1"/>
						<line number="18" hits="1"/>
						<line number="19" hits="1"/>
						<line number="22" hits="1"/>
						<line number="23" hits="1"/>
						<line number="24" hits="1"/>
						<line number="25" hits="1"/>
						<line number="26" hits="1"/>
						<line number="27" hits="1"/>
						<line number="28" hits="1"/>
					</lines>
				</class>
				<class name="fabric_workspace_manager.py" filename="fabric_workspace_manager.py" complexity="0" line-rate="0.7315" branch-rate="0">
					<methods/>
					<lines>
						<line number="6" hits="1"/>
						<line number="8" hits="1"/>
						<line number="9" hits="1"/>
						<line number="10" hits="1"/>
						<line number="12" hits="1"/>
						<line number="15" hits="1"/>
						<line number="18" hits="1"/>
						<line number="31" hits="1"/>
						<line number="32" hits="1"/>
						<line number="34" hits="1"/>
						<line number="35" hits="1"/>
						<line number="36" hits="1"/>
						<line number="37" hits="1"/>
						<line number="39" hits="1"/>
						<line number="40" hits="1"/>
						<line number="41" hits="1"/>
						<line number="44" hits="1"/>
						<line number="58" hits="1"/>
						<line number="59" hits="1"/>
						<line number="65" hits="1"/>
						<line number="67" hits="1"/>
						<line number="68" hits="1"/>
						<line number="69" hits="1"/>
						<line number="71" hits="1"/>
						<line number="72" hits="1"/>
						<line number="77" hits="1"/>
						<line number="78" hits="1"/>
						<line number="80" hits="1"/>
						<line number="81" hits="1"/>
						<line number="82" hits="0"/>
						<line number="83" hits="1"/>
						<line number="84" hits="0"/>
						<line number="92" hits="1"/>
						<line number="93" hits="0"/>
						<line number="97" hits="1"/>
						<line number="100" hits="1"/>
						<line number="115" hits="1"/>
						<line number="116" hits="1"/>
						<line number="118" hits="1"/>
						<line number="119" hits="0"/>
						<line number="120" hits="0"/>
						<line number="123" hits="1"/>
						<line number="147" hits="1"/>
						<line number="148" hits="1"/>
						<line number="149" hits="1"/>
						<line number="151" hits="1"/>
						<line number="152" hits="1"/>
						<line number="155" hits="1"/>
						<line number="156" hits="1"/>
						<line number="157" hits="0"/>
						<line number="158" hits="0"/>
						<line number="161" hits="1"/>
						<line number="163" hits="1"/>
						<line number="164" hits="1"/>
						<line number="165" hits="1"/>
						<line number="168" hits="1"/>
						<line number="170" hits="1"/>
						<line number="171" hits="1"/>
						<line number="172" hits="0"/>
						<line number="177" hits="0"/>
						<line number="183" hits="1"/>
						<line number="186" hits="1"/>
						<line number="197" hits="1"/>
						<line number="207" hits="1"/>
						<line number="218" hits="1"/>
						<line number="228" hits="1"/>
						<line number="250" hits="1"/>
						<line number="251" hits="1"/>
						<line number="261" hits="1"/>
						<line number="287" hits="1"/>
						<line number="288" hits="1"/>
						<line number="290" hits="1"/>
						<line number="292" hits="1"/>
						<line number="293" hits="1"/>
						<line number="295" hits="1"/>
						<line number="296" hits="1"/>
						<line number="299" hits="1"/>
						<line number="300" hits="1"/>
						<line number="302" hits="1"/>
						<line number="303" hits="1"/>
						<line number="305" hits="1"/>
						<line number="306" hits="1"/>
						<line number="307" hits="1"/>
						<line number="310" hits="1"/>
						<line number="316" hits="1"/>
						<line number="318" hits="1"/>
						<line number="319" hits="0"/>
						<line number="320" hits="0"/>
						<line number="321" hits="0"/>
						<line number="322" hits="0"/>
						<line number="323" hits="0"/>
						<line number="324" hits="0"/>
						<line number="325" hits="0"/>
						<line number="326" hits="0"/>
						<line number="327" hits="0"/>
						<line number="328" hits="1"/>
						<line number="329" hits="0"/>
						<line number="330" hits="0"/>
						<line number="331" hits="0"/>
						<line number="332" hits="0"/>
						<line number="333" hits="0"/>
						<line number="334" hits="1"/>
						<line number="335" hits="0"/>
						<line number="336" hits="0"/>
						<line number="337" hits="0"/>
						<line number="338" hits="0"/>
						<line number="339" hits="0"/>
						<line number="340" hits="0"/>
					</lines>
				</class>
				<class name="logger.py" filename="logger.py" complexity="0" line-rate="0.9412" branch-rate="0">
					<methods/>
					<lines>
						<line number="6" hits="1"/>
						<line number="7" hits="1"/>
						<line number="10" hits="1"/>
						<line number="20" hits="1"/>
						<line number="23" hits="1"/>
						<line number="24" hits="0"/>
						<line number="26" hits="1"/>
						<line number="29" hits="1"/>
						<line number="31" hits="1"/>
						<line number="32" hits="1"/>
						<line number="36" hits="1"/>
						<line number="37" hits="1"/>
						<line number="40" hits="1"/>
						<line number="43" hits="1"/>
						<line number="45" hits="1"/>
						<line number="48" hits="1"/>
						<line number="57" hits="1"/>
					</lines>
				</class>
			</classes>
		</package>
	</packages>
</coverage>
